TN:
SF:src\dip\classes\discount.ts
FN:1,(anonymous_0)
FN:4,(anonymous_1)
FN:9,(anonymous_2)
FN:13,(anonymous_3)
FNF:4
FNH:4
FNDA:11,(anonymous_0)
FNDA:6,(anonymous_1)
FNDA:1,(anonymous_2)
FNDA:1,(anonymous_3)
DA:1,2
DA:2,11
DA:5,6
DA:9,2
DA:10,1
DA:13,2
DA:14,1
DA:17,2
LF:8
LH:8
BRF:0
BRH:0
end_of_record
TN:
SF:src\dip\classes\order.ts
FN:10,(anonymous_0)
FN:16,(anonymous_1)
FN:20,(anonymous_2)
FNF:3
FNH:3
FNDA:5,(anonymous_0)
FNDA:2,(anonymous_1)
FNDA:5,(anonymous_2)
DA:7,1
DA:8,5
DA:11,5
DA:12,5
DA:13,5
DA:17,2
DA:21,5
DA:22,1
DA:23,1
DA:26,4
DA:27,4
DA:30,4
DA:31,4
LF:13
LH:13
BRDA:21,0,0,1
BRF:1
BRH:1
end_of_record
TN:
SF:src\dip\classes\product.ts
FN:4,(anonymous_0)
FNF:1
FNH:1
FNDA:1,(anonymous_0)
DA:3,1
DA:4,1
LF:2
LH:2
BRF:0
BRH:0
end_of_record
TN:
SF:src\dip\classes\shopping-cart.ts
FN:8,(anonymous_0)
FN:10,(anonymous_1)
FN:14,(anonymous_2)
FN:18,(anonymous_3)
FN:19,(anonymous_4)
FN:25,(anonymous_5)
FN:29,(anonymous_6)
FN:32,(anonymous_7)
FN:36,(anonymous_8)
FN:40,(anonymous_9)
FN:44,(anonymous_10)
FNF:11
FNH:11
FNDA:8,(anonymous_0)
FNDA:14,(anonymous_1)
FNDA:2,(anonymous_2)
FNDA:2,(anonymous_3)
FNDA:3,(anonymous_4)
FNDA:5,(anonymous_5)
FNDA:5,(anonymous_6)
FNDA:10,(anonymous_7)
FNDA:3,(anonymous_8)
FNDA:3,(anonymous_9)
FNDA:1,(anonymous_10)
DA:5,1
DA:6,8
DA:8,8
DA:11,14
DA:15,2
DA:19,3
DA:20,2
DA:22,1
DA:26,5
DA:31,5
DA:32,10
DA:37,3
DA:41,3
DA:45,1
LF:14
LH:14
BRDA:20,0,0,1
BRF:1
BRH:1
end_of_record
TN:
SF:src\dip\services\messaging.ts
FN:4,(anonymous_0)
FNF:1
FNH:1
FNDA:3,(anonymous_0)
DA:3,1
DA:5,3
LF:2
LH:2
BRF:0
BRH:0
end_of_record
TN:
SF:src\dip\services\persistency.ts
FN:4,(anonymous_0)
FNF:1
FNH:1
FNDA:3,(anonymous_0)
DA:3,1
DA:5,3
LF:2
LH:2
BRF:0
BRH:0
end_of_record
